

## Rostock (rostock) — 2026-07-04 00:29
*   **Prices and opening hours** for attractions (St. Marienkirche, Warnemünde Lighthouse, Kröpeliner Tor, Kulturhistorisches Museum, Petrikirche, Schiffbau- und Schifffahrtsmuseum, Rostocker Zoo) are subject to change and seasonal variations. Especially verify lighthouse and museum hours outside of peak season.
*   **Bus fares and train costs** (airport bus, day trips) can fluctuate. The stated costs are estimates.
*   The **"Tourist Cards" section was intentionally deleted** as research did not yield any prominent or generally worthwhile city-specific tourist passes for Rostock. This was a deliberate choice based on the prompt's instructions.
*   **Restaurant and bar names** were chosen based on current popularity and reputation, but establishments can close or change. A quick check closer to publication would be prudent.

```daytrips
Schwerin
Stralsund
Bad Doberan
```


## Stralsund (stralsund) — 2026-07-04 01:08
*   **Opening Hours/Prices**: All opening hours and prices (especially for attractions like Ozeaneum, Marienkirche, museums, and transport) are subject to change and should be verified closer to the travel date. Seasonal variations are common.
*   **Transport Costs**: Train and bus ticket prices can fluctuate based on booking time and specific connections.
*   **Restaurant/Bar Existence**: While researched, specific restaurant and bar names can change ownership or close. A quick check of their current status before publishing is recommended.
*   **Tourist Cards**: Confirmed that Stralsund does not have a general city tourist card; the section was removed.

```daytrips
Rügen Island
Darß-Zingst Peninsula
Greifswald
```
